[1.059s] Invoking command in '/home/www/ros2_ws/build/my_robot_controller': PYTHONPATH=/home/www/ros2_ws/build/my_robot_controller/prefix_override:/home/www/ros2_ws/install/my_robot_controller/lib/python3.10/site-packages:${PYTHONPATH} /usr/bin/python3 setup.py develop --editable --build-directory /home/www/ros2_ws/build/my_robot_controller/build --no-deps install_data
[1.530s] running develop
[1.846s] running egg_info
[1.847s] writing my_robot_controller.egg-info/PKG-INFO
[1.848s] writing dependency_links to my_robot_controller.egg-info/dependency_links.txt
[1.848s] writing entry points to my_robot_controller.egg-info/entry_points.txt
[1.848s] writing requirements to my_robot_controller.egg-info/requires.txt
[1.848s] writing top-level names to my_robot_controller.egg-info/top_level.txt
[1.851s] reading manifest file 'my_robot_controller.egg-info/SOURCES.txt'
[1.852s] writing manifest file 'my_robot_controller.egg-info/SOURCES.txt'
[1.855s] running build_ext
[1.855s] Creating /home/www/ros2_ws/install/my_robot_controller/lib/python3.10/site-packages/my-robot-controller.egg-link (link to .)
[1.863s] Installing draw_circle script to /home/www/ros2_ws/install/my_robot_controller/lib/my_robot_controller
[1.863s] Installing pose_subscriber script to /home/www/ros2_ws/install/my_robot_controller/lib/my_robot_controller
[1.864s] Installing test_node script to /home/www/ros2_ws/install/my_robot_controller/lib/my_robot_controller
[1.864s] Installing turtle_controller script to /home/www/ros2_ws/install/my_robot_controller/lib/my_robot_controller
[1.864s] 
[1.864s] Installed /home/www/ros2_ws/build/my_robot_controller
[1.865s] running install_data
[1.935s] Invoked command in '/home/www/ros2_ws/build/my_robot_controller' returned '0': PYTHONPATH=/home/www/ros2_ws/build/my_robot_controller/prefix_override:/home/www/ros2_ws/install/my_robot_controller/lib/python3.10/site-packages:${PYTHONPATH} /usr/bin/python3 setup.py develop --editable --build-directory /home/www/ros2_ws/build/my_robot_controller/build --no-deps install_data
