[0.443s] Invoking command in '/home/wayming/src/my_robot_controller': PYTHONPATH=/home/wayming/build/my_robot_controller/prefix_override:/home/wayming/install/my_robot_controller/lib/python3.10/site-packages:${PYTHONPATH} /usr/bin/python3 setup.py egg_info --egg-base ../../build/my_robot_controller build --build-base /home/wayming/build/my_robot_controller/build install --record /home/wayming/build/my_robot_controller/install.log --single-version-externally-managed
[0.619s] running egg_info
[0.619s] creating ../../build/my_robot_controller/my_robot_controller.egg-info
[0.620s] writing ../../build/my_robot_controller/my_robot_controller.egg-info/PKG-INFO
[0.620s] writing dependency_links to ../../build/my_robot_controller/my_robot_controller.egg-info/dependency_links.txt
[0.620s] writing entry points to ../../build/my_robot_controller/my_robot_controller.egg-info/entry_points.txt
[0.620s] writing requirements to ../../build/my_robot_controller/my_robot_controller.egg-info/requires.txt
[0.620s] writing top-level names to ../../build/my_robot_controller/my_robot_controller.egg-info/top_level.txt
[0.620s] writing manifest file '../../build/my_robot_controller/my_robot_controller.egg-info/SOURCES.txt'
[0.621s] reading manifest file '../../build/my_robot_controller/my_robot_controller.egg-info/SOURCES.txt'
[0.621s] writing manifest file '../../build/my_robot_controller/my_robot_controller.egg-info/SOURCES.txt'
[0.621s] running build
[0.622s] running build_py
[0.622s] creating /home/wayming/build/my_robot_controller/build
[0.622s] creating /home/wayming/build/my_robot_controller/build/lib
[0.622s] creating /home/wayming/build/my_robot_controller/build/lib/my_robot_controller
[0.622s] copying my_robot_controller/draw_circle.py -> /home/wayming/build/my_robot_controller/build/lib/my_robot_controller
[0.622s] copying my_robot_controller/__init__.py -> /home/wayming/build/my_robot_controller/build/lib/my_robot_controller
[0.622s] copying my_robot_controller/pose_subscriber.py -> /home/wayming/build/my_robot_controller/build/lib/my_robot_controller
[0.622s] copying my_robot_controller/my_first_node.py -> /home/wayming/build/my_robot_controller/build/lib/my_robot_controller
[0.623s] copying my_robot_controller/turtle_controller.py -> /home/wayming/build/my_robot_controller/build/lib/my_robot_controller
[0.623s] running install
[0.623s] /usr/lib/python3/dist-packages/setuptools/command/install.py:34: SetuptoolsDeprecationWarning: setup.py install is deprecated. Use build and pip and other standards-based tools.
[0.623s]   warnings.warn(
[0.623s] running install_lib
[0.623s] creating /home/wayming/install/my_robot_controller/lib/python3.10/site-packages/my_robot_controller
[0.623s] copying /home/wayming/build/my_robot_controller/build/lib/my_robot_controller/draw_circle.py -> /home/wayming/install/my_robot_controller/lib/python3.10/site-packages/my_robot_controller
[0.623s] copying /home/wayming/build/my_robot_controller/build/lib/my_robot_controller/__init__.py -> /home/wayming/install/my_robot_controller/lib/python3.10/site-packages/my_robot_controller
[0.623s] copying /home/wayming/build/my_robot_controller/build/lib/my_robot_controller/pose_subscriber.py -> /home/wayming/install/my_robot_controller/lib/python3.10/site-packages/my_robot_controller
[0.624s] copying /home/wayming/build/my_robot_controller/build/lib/my_robot_controller/my_first_node.py -> /home/wayming/install/my_robot_controller/lib/python3.10/site-packages/my_robot_controller
[0.624s] copying /home/wayming/build/my_robot_controller/build/lib/my_robot_controller/turtle_controller.py -> /home/wayming/install/my_robot_controller/lib/python3.10/site-packages/my_robot_controller
[0.624s] byte-compiling /home/wayming/install/my_robot_controller/lib/python3.10/site-packages/my_robot_controller/draw_circle.py to draw_circle.cpython-310.pyc
[0.624s] byte-compiling /home/wayming/install/my_robot_controller/lib/python3.10/site-packages/my_robot_controller/__init__.py to __init__.cpython-310.pyc
[0.624s] byte-compiling /home/wayming/install/my_robot_controller/lib/python3.10/site-packages/my_robot_controller/pose_subscriber.py to pose_subscriber.cpython-310.pyc
[0.624s] byte-compiling /home/wayming/install/my_robot_controller/lib/python3.10/site-packages/my_robot_controller/my_first_node.py to my_first_node.cpython-310.pyc
[0.624s] byte-compiling /home/wayming/install/my_robot_controller/lib/python3.10/site-packages/my_robot_controller/turtle_controller.py to turtle_controller.cpython-310.pyc
[0.625s] running install_data
[0.625s] creating /home/wayming/install/my_robot_controller/share/ament_index
[0.625s] creating /home/wayming/install/my_robot_controller/share/ament_index/resource_index
[0.625s] creating /home/wayming/install/my_robot_controller/share/ament_index/resource_index/packages
[0.625s] copying resource/my_robot_controller -> /home/wayming/install/my_robot_controller/share/ament_index/resource_index/packages
[0.625s] copying package.xml -> /home/wayming/install/my_robot_controller/share/my_robot_controller
[0.625s] running install_egg_info
[0.626s] Copying ../../build/my_robot_controller/my_robot_controller.egg-info to /home/wayming/install/my_robot_controller/lib/python3.10/site-packages/my_robot_controller-0.0.0-py3.10.egg-info
[0.627s] running install_scripts
[0.640s] Installing draw_circle script to /home/wayming/install/my_robot_controller/lib/my_robot_controller
[0.641s] Installing pose_subscriber script to /home/wayming/install/my_robot_controller/lib/my_robot_controller
[0.641s] Installing test_node script to /home/wayming/install/my_robot_controller/lib/my_robot_controller
[0.641s] Installing turtle_controller script to /home/wayming/install/my_robot_controller/lib/my_robot_controller
[0.641s] writing list of installed files to '/home/wayming/build/my_robot_controller/install.log'
[0.656s] Invoked command in '/home/wayming/src/my_robot_controller' returned '0': PYTHONPATH=/home/wayming/build/my_robot_controller/prefix_override:/home/wayming/install/my_robot_controller/lib/python3.10/site-packages:${PYTHONPATH} /usr/bin/python3 setup.py egg_info --egg-base ../../build/my_robot_controller build --build-base /home/wayming/build/my_robot_controller/build install --record /home/wayming/build/my_robot_controller/install.log --single-version-externally-managed
