[1.422s] Invoking command in '/home/www/ros2_ws/src/my_robot_controller': PYTHONPATH=/home/www/ros2_ws/build/my_robot_controller/prefix_override:/home/www/ros2_ws/install/my_robot_controller/lib/python3.10/site-packages:${PYTHONPATH} /usr/bin/python3 setup.py egg_info --egg-base ../../build/my_robot_controller build --build-base /home/www/ros2_ws/build/my_robot_controller/build install --record /home/www/ros2_ws/build/my_robot_controller/install.log --single-version-externally-managed
[1.885s] running egg_info
[1.886s] writing ../../build/my_robot_controller/my_robot_controller.egg-info/PKG-INFO
[1.886s] writing dependency_links to ../../build/my_robot_controller/my_robot_controller.egg-info/dependency_links.txt
[1.886s] writing entry points to ../../build/my_robot_controller/my_robot_controller.egg-info/entry_points.txt
[1.887s] writing requirements to ../../build/my_robot_controller/my_robot_controller.egg-info/requires.txt
[1.887s] writing top-level names to ../../build/my_robot_controller/my_robot_controller.egg-info/top_level.txt
[1.889s] reading manifest file '../../build/my_robot_controller/my_robot_controller.egg-info/SOURCES.txt'
[1.891s] writing manifest file '../../build/my_robot_controller/my_robot_controller.egg-info/SOURCES.txt'
[1.891s] running build
[1.891s] running build_py
[1.892s] copying my_robot_controller/my_first_node.py -> /home/www/ros2_ws/build/my_robot_controller/build/lib/my_robot_controller
[1.892s] running install
[1.892s] running install_lib
[1.894s] copying /home/www/ros2_ws/build/my_robot_controller/build/lib/my_robot_controller/my_first_node.py -> /home/www/ros2_ws/install/my_robot_controller/lib/python3.10/site-packages/my_robot_controller
[1.896s] byte-compiling /home/www/ros2_ws/install/my_robot_controller/lib/python3.10/site-packages/my_robot_controller/my_first_node.py to my_first_node.cpython-310.pyc
[1.896s] running install_data
[1.898s] running install_egg_info
[1.900s] removing '/home/www/ros2_ws/install/my_robot_controller/lib/python3.10/site-packages/my_robot_controller-0.0.0-py3.10.egg-info' (and everything under it)
[1.901s] Copying ../../build/my_robot_controller/my_robot_controller.egg-info to /home/www/ros2_ws/install/my_robot_controller/lib/python3.10/site-packages/my_robot_controller-0.0.0-py3.10.egg-info
[1.903s] running install_scripts
[1.950s] Installing test_node script to /home/www/ros2_ws/install/my_robot_controller/lib/my_robot_controller
[1.951s] writing list of installed files to '/home/www/ros2_ws/build/my_robot_controller/install.log'
[2.001s] Invoked command in '/home/www/ros2_ws/src/my_robot_controller' returned '0': PYTHONPATH=/home/www/ros2_ws/build/my_robot_controller/prefix_override:/home/www/ros2_ws/install/my_robot_controller/lib/python3.10/site-packages:${PYTHONPATH} /usr/bin/python3 setup.py egg_info --egg-base ../../build/my_robot_controller build --build-base /home/www/ros2_ws/build/my_robot_controller/build install --record /home/www/ros2_ws/build/my_robot_controller/install.log --single-version-externally-managed
