[0.459s] Invoking command in '/home/wayming/build/my_robot_controller': PYTHONPATH=/home/wayming/build/my_robot_controller/prefix_override:/home/wayming/install/my_robot_controller/lib/python3.10/site-packages:${PYTHONPATH} /usr/bin/python3 setup.py develop --uninstall --editable --build-directory /home/wayming/build/my_robot_controller/build
[0.675s] running develop
[0.799s] Invoked command in '/home/wayming/build/my_robot_controller' returned '0': PYTHONPATH=/home/wayming/build/my_robot_controller/prefix_override:/home/wayming/install/my_robot_controller/lib/python3.10/site-packages:${PYTHONPATH} /usr/bin/python3 setup.py develop --uninstall --editable --build-directory /home/wayming/build/my_robot_controller/build
[0.800s] Invoking command in '/home/wayming/src/my_robot_controller': PYTHONPATH=/home/wayming/build/my_robot_controller/prefix_override:/home/wayming/install/my_robot_controller/lib/python3.10/site-packages:${PYTHONPATH} /usr/bin/python3 setup.py egg_info --egg-base ../../build/my_robot_controller build --build-base /home/wayming/build/my_robot_controller/build install --record /home/wayming/build/my_robot_controller/install.log --single-version-externally-managed
[0.998s] running egg_info
[0.998s] writing ../../build/my_robot_controller/my_robot_controller.egg-info/PKG-INFO
[0.998s] writing dependency_links to ../../build/my_robot_controller/my_robot_controller.egg-info/dependency_links.txt
[0.998s] writing entry points to ../../build/my_robot_controller/my_robot_controller.egg-info/entry_points.txt
[0.998s] writing requirements to ../../build/my_robot_controller/my_robot_controller.egg-info/requires.txt
[0.998s] writing top-level names to ../../build/my_robot_controller/my_robot_controller.egg-info/top_level.txt
[1.000s] reading manifest file '../../build/my_robot_controller/my_robot_controller.egg-info/SOURCES.txt'
[1.000s] writing manifest file '../../build/my_robot_controller/my_robot_controller.egg-info/SOURCES.txt'
[1.000s] running build
[1.000s] running build_py
[1.001s] running install
[1.001s] running install_lib
[1.002s] running install_data
[1.002s] running install_egg_info
[1.003s] removing '/home/wayming/install/my_robot_controller/lib/python3.10/site-packages/my_robot_controller-0.0.0-py3.10.egg-info' (and everything under it)
[1.003s] Copying ../../build/my_robot_controller/my_robot_controller.egg-info to /home/wayming/install/my_robot_controller/lib/python3.10/site-packages/my_robot_controller-0.0.0-py3.10.egg-info
[1.004s] running install_scripts
[1.020s] Installing draw_circle script to /home/wayming/install/my_robot_controller/lib/my_robot_controller
[1.020s] Installing pose_subscriber script to /home/wayming/install/my_robot_controller/lib/my_robot_controller
[1.020s] Installing test_node script to /home/wayming/install/my_robot_controller/lib/my_robot_controller
[1.020s] Installing turtle_controller script to /home/wayming/install/my_robot_controller/lib/my_robot_controller
[1.020s] writing list of installed files to '/home/wayming/build/my_robot_controller/install.log'
[1.043s] Invoked command in '/home/wayming/src/my_robot_controller' returned '0': PYTHONPATH=/home/wayming/build/my_robot_controller/prefix_override:/home/wayming/install/my_robot_controller/lib/python3.10/site-packages:${PYTHONPATH} /usr/bin/python3 setup.py egg_info --egg-base ../../build/my_robot_controller build --build-base /home/wayming/build/my_robot_controller/build install --record /home/wayming/build/my_robot_controller/install.log --single-version-externally-managed
