[0.235s] DEBUG:colcon:Command line arguments: ['/usr/bin/colcon', 'list', '-p', '--base-paths', '/home/wayming']
[0.235s] DEBUG:colcon:Parsed command line arguments: Namespace(log_base=None, log_level=None, verb_name='list', build_base='build', ignore_user_meta=False, metas=['./colcon.meta'], base_paths=['/home/wayming'], packages_ignore=None, packages_ignore_regex=None, paths=None, packages_up_to=None, packages_up_to_regex=None, packages_above=None, packages_above_and_dependencies=None, packages_above_depth=None, packages_select_by_dep=None, packages_skip_by_dep=None, packages_skip_up_to=None, packages_select_build_failed=False, packages_skip_build_finished=False, packages_select_test_failures=False, packages_skip_test_passed=False, packages_select=None, packages_skip=None, packages_select_regex=None, packages_skip_regex=None, packages_start=None, packages_end=None, topological_order=False, names_only=False, paths_only=True, topological_graph=False, topological_graph_dot=False, topological_graph_density=False, topological_graph_legend=False, topological_graph_dot_cluster=False, topological_graph_dot_include_skipped=False, mixin_files=None, mixin=None, verb_parser=<colcon_mixin.mixin.mixin_argument.MixinArgumentDecorator object at 0x7f77c687ac50>, verb_extension=<colcon_package_information.verb.list.ListVerb object at 0x7f77c6826020>, main=<bound method ListVerb.main of <colcon_package_information.verb.list.ListVerb object at 0x7f77c6826020>>, mixin_verb=('list',))
[0.257s] Level 1:colcon.colcon_core.package_discovery:discover_packages(colcon_meta) check parameters
[0.257s] Level 1:colcon.colcon_core.package_discovery:discover_packages(recursive) check parameters
[0.257s] Level 1:colcon.colcon_core.package_discovery:discover_packages(ignore) check parameters
[0.257s] Level 1:colcon.colcon_core.package_discovery:discover_packages(path) check parameters
[0.257s] Level 1:colcon.colcon_core.package_discovery:discover_packages(recursive) discover
[0.257s] INFO:colcon.colcon_core.package_discovery:Crawling recursively for packages in '/home/wayming'
[0.257s] Level 1:colcon.colcon_core.package_identification:_identify(/home/wayming) by extensions ['ignore', 'ignore_ament_install']
[0.257s] Level 1:colcon.colcon_core.package_identification:_identify(/home/wayming) by extension 'ignore'
[0.257s] Level 1:colcon.colcon_core.package_identification:_identify(/home/wayming) by extension 'ignore_ament_install'
[0.257s] Level 1:colcon.colcon_core.package_identification:_identify(/home/wayming) by extensions ['colcon_pkg']
[0.257s] Level 1:colcon.colcon_core.package_identification:_identify(/home/wayming) by extension 'colcon_pkg'
[0.258s] Level 1:colcon.colcon_core.package_identification:_identify(/home/wayming) by extensions ['colcon_meta']
[0.258s] Level 1:colcon.colcon_core.package_identification:_identify(/home/wayming) by extension 'colcon_meta'
[0.258s] Level 1:colcon.colcon_core.package_identification:_identify(/home/wayming) by extensions ['ros']
[0.258s] Level 1:colcon.colcon_core.package_identification:_identify(/home/wayming) by extension 'ros'
[0.278s] Level 1:colcon.colcon_core.package_identification:_identify(/home/wayming) by extensions ['cmake', 'python']
[0.278s] Level 1:colcon.colcon_core.package_identification:_identify(/home/wayming) by extension 'cmake'
[0.278s] Level 1:colcon.colcon_core.package_identification:_identify(/home/wayming) by extension 'python'
[0.279s] Level 1:colcon.colcon_core.package_identification:_identify(/home/wayming) by extensions ['python_setup_py']
[0.279s] Level 1:colcon.colcon_core.package_identification:_identify(/home/wayming) by extension 'python_setup_py'
[0.279s] Level 1:colcon.colcon_core.package_identification:_identify(/home/wayming/build) by extensions ['ignore', 'ignore_ament_install']
[0.279s] Level 1:colcon.colcon_core.package_identification:_identify(/home/wayming/build) by extension 'ignore'
[0.279s] Level 1:colcon.colcon_core.package_identification:_identify(/home/wayming/build) by extension 'ignore_ament_install'
[0.279s] Level 1:colcon.colcon_core.package_identification:_identify(/home/wayming/build) by extensions ['colcon_pkg']
[0.279s] Level 1:colcon.colcon_core.package_identification:_identify(/home/wayming/build) by extension 'colcon_pkg'
[0.279s] Level 1:colcon.colcon_core.package_identification:_identify(/home/wayming/build) by extensions ['colcon_meta']
[0.279s] Level 1:colcon.colcon_core.package_identification:_identify(/home/wayming/build) by extension 'colcon_meta'
[0.279s] Level 1:colcon.colcon_core.package_identification:_identify(/home/wayming/build) by extensions ['ros']
[0.279s] Level 1:colcon.colcon_core.package_identification:_identify(/home/wayming/build) by extension 'ros'
[0.279s] Level 1:colcon.colcon_core.package_identification:_identify(/home/wayming/build) by extensions ['cmake', 'python']
[0.279s] Level 1:colcon.colcon_core.package_identification:_identify(/home/wayming/build) by extension 'cmake'
[0.279s] Level 1:colcon.colcon_core.package_identification:_identify(/home/wayming/build) by extension 'python'
[0.279s] Level 1:colcon.colcon_core.package_identification:_identify(/home/wayming/build) by extensions ['python_setup_py']
[0.279s] Level 1:colcon.colcon_core.package_identification:_identify(/home/wayming/build) by extension 'python_setup_py'
[0.279s] Level 1:colcon.colcon_core.package_identification:_identify(/home/wayming/install) by extensions ['ignore', 'ignore_ament_install']
[0.279s] Level 1:colcon.colcon_core.package_identification:_identify(/home/wayming/install) by extension 'ignore'
[0.279s] Level 1:colcon.colcon_core.package_identification:_identify(/home/wayming/install) by extension 'ignore_ament_install'
[0.279s] Level 1:colcon.colcon_core.package_identification:_identify(/home/wayming/install) by extensions ['colcon_pkg']
[0.280s] Level 1:colcon.colcon_core.package_identification:_identify(/home/wayming/install) by extension 'colcon_pkg'
[0.280s] Level 1:colcon.colcon_core.package_identification:_identify(/home/wayming/install) by extensions ['colcon_meta']
[0.280s] Level 1:colcon.colcon_core.package_identification:_identify(/home/wayming/install) by extension 'colcon_meta'
[0.280s] Level 1:colcon.colcon_core.package_identification:_identify(/home/wayming/install) by extensions ['ros']
[0.280s] Level 1:colcon.colcon_core.package_identification:_identify(/home/wayming/install) by extension 'ros'
[0.280s] Level 1:colcon.colcon_core.package_identification:_identify(/home/wayming/install) by extensions ['cmake', 'python']
[0.280s] Level 1:colcon.colcon_core.package_identification:_identify(/home/wayming/install) by extension 'cmake'
[0.280s] Level 1:colcon.colcon_core.package_identification:_identify(/home/wayming/install) by extension 'python'
[0.280s] Level 1:colcon.colcon_core.package_identification:_identify(/home/wayming/install) by extensions ['python_setup_py']
[0.280s] Level 1:colcon.colcon_core.package_identification:_identify(/home/wayming/install) by extension 'python_setup_py'
[0.280s] Level 1:colcon.colcon_core.package_identification:_identify(/home/wayming/log) by extensions ['ignore', 'ignore_ament_install']
[0.280s] Level 1:colcon.colcon_core.package_identification:_identify(/home/wayming/log) by extension 'ignore'
[0.280s] Level 1:colcon.colcon_core.package_identification:_identify(/home/wayming/log) ignored
[0.280s] Level 1:colcon.colcon_core.package_identification:_identify(/home/wayming/src) by extensions ['ignore', 'ignore_ament_install']
[0.280s] Level 1:colcon.colcon_core.package_identification:_identify(/home/wayming/src) by extension 'ignore'
[0.280s] Level 1:colcon.colcon_core.package_identification:_identify(/home/wayming/src) by extension 'ignore_ament_install'
[0.280s] Level 1:colcon.colcon_core.package_identification:_identify(/home/wayming/src) by extensions ['colcon_pkg']
[0.280s] Level 1:colcon.colcon_core.package_identification:_identify(/home/wayming/src) by extension 'colcon_pkg'
[0.281s] Level 1:colcon.colcon_core.package_identification:_identify(/home/wayming/src) by extensions ['colcon_meta']
[0.281s] Level 1:colcon.colcon_core.package_identification:_identify(/home/wayming/src) by extension 'colcon_meta'
[0.281s] Level 1:colcon.colcon_core.package_identification:_identify(/home/wayming/src) by extensions ['ros']
[0.281s] Level 1:colcon.colcon_core.package_identification:_identify(/home/wayming/src) by extension 'ros'
[0.281s] Level 1:colcon.colcon_core.package_identification:_identify(/home/wayming/src) by extensions ['cmake', 'python']
[0.281s] Level 1:colcon.colcon_core.package_identification:_identify(/home/wayming/src) by extension 'cmake'
[0.281s] Level 1:colcon.colcon_core.package_identification:_identify(/home/wayming/src) by extension 'python'
[0.281s] Level 1:colcon.colcon_core.package_identification:_identify(/home/wayming/src) by extensions ['python_setup_py']
[0.281s] Level 1:colcon.colcon_core.package_identification:_identify(/home/wayming/src) by extension 'python_setup_py'
[0.281s] Level 1:colcon.colcon_core.package_identification:_identify(/home/wayming/src/my_robot_controller) by extensions ['ignore', 'ignore_ament_install']
[0.281s] Level 1:colcon.colcon_core.package_identification:_identify(/home/wayming/src/my_robot_controller) by extension 'ignore'
[0.281s] Level 1:colcon.colcon_core.package_identification:_identify(/home/wayming/src/my_robot_controller) by extension 'ignore_ament_install'
[0.281s] Level 1:colcon.colcon_core.package_identification:_identify(/home/wayming/src/my_robot_controller) by extensions ['colcon_pkg']
[0.281s] Level 1:colcon.colcon_core.package_identification:_identify(/home/wayming/src/my_robot_controller) by extension 'colcon_pkg'
[0.281s] Level 1:colcon.colcon_core.package_identification:_identify(/home/wayming/src/my_robot_controller) by extensions ['colcon_meta']
[0.281s] Level 1:colcon.colcon_core.package_identification:_identify(/home/wayming/src/my_robot_controller) by extension 'colcon_meta'
[0.281s] Level 1:colcon.colcon_core.package_identification:_identify(/home/wayming/src/my_robot_controller) by extensions ['ros']
[0.281s] Level 1:colcon.colcon_core.package_identification:_identify(/home/wayming/src/my_robot_controller) by extension 'ros'
[0.284s] DEBUG:colcon.colcon_core.package_identification:Package '/home/wayming/src/my_robot_controller' with type 'ros.ament_python' and name 'my_robot_controller'
[0.284s] Level 1:colcon.colcon_core.package_discovery:discover_packages(recursive) using defaults
