[0.447s] Invoking command in '/home/wayming/build/my_robot_controller': PYTHONPATH=/home/wayming/build/my_robot_controller/prefix_override:/home/wayming/install/my_robot_controller/lib/python3.10/site-packages:${PYTHONPATH} /usr/bin/python3 setup.py develop --editable --build-directory /home/wayming/build/my_robot_controller/build --no-deps install_data
[0.623s] running develop
[0.624s] /usr/lib/python3/dist-packages/setuptools/command/easy_install.py:158: EasyInstallDeprecationWarning: easy_install command is deprecated. Use build and pip and other standards-based tools.
[0.624s]   warnings.warn(
[0.625s] /usr/lib/python3/dist-packages/setuptools/command/install.py:34: SetuptoolsDeprecationWarning: setup.py install is deprecated. Use build and pip and other standards-based tools.
[0.625s]   warnings.warn(
[0.660s] /usr/lib/python3/dist-packages/pkg_resources/__init__.py:116: PkgResourcesDeprecationWarning: 1.16.0-unknown is an invalid version and will not be supported in a future release
[0.660s]   warnings.warn(
[0.660s] /usr/lib/python3/dist-packages/pkg_resources/__init__.py:116: PkgResourcesDeprecationWarning: 1.1build1 is an invalid version and will not be supported in a future release
[0.660s]   warnings.warn(
[0.721s] running egg_info
[0.721s] writing my_robot_controller.egg-info/PKG-INFO
[0.721s] writing dependency_links to my_robot_controller.egg-info/dependency_links.txt
[0.722s] writing entry points to my_robot_controller.egg-info/entry_points.txt
[0.722s] writing requirements to my_robot_controller.egg-info/requires.txt
[0.722s] writing top-level names to my_robot_controller.egg-info/top_level.txt
[0.724s] reading manifest file 'my_robot_controller.egg-info/SOURCES.txt'
[0.724s] writing manifest file 'my_robot_controller.egg-info/SOURCES.txt'
[0.725s] running build_ext
[0.725s] Creating /home/wayming/install/my_robot_controller/lib/python3.10/site-packages/my-robot-controller.egg-link (link to .)
[0.726s] Installing draw_circle script to /home/wayming/install/my_robot_controller/lib/my_robot_controller
[0.726s] Installing pose_subscriber script to /home/wayming/install/my_robot_controller/lib/my_robot_controller
[0.726s] Installing test_node script to /home/wayming/install/my_robot_controller/lib/my_robot_controller
[0.726s] Installing turtle_controller script to /home/wayming/install/my_robot_controller/lib/my_robot_controller
[0.727s] 
[0.727s] Installed /home/wayming/build/my_robot_controller
[0.727s] running install_data
[0.749s] Invoked command in '/home/wayming/build/my_robot_controller' returned '0': PYTHONPATH=/home/wayming/build/my_robot_controller/prefix_override:/home/wayming/install/my_robot_controller/lib/python3.10/site-packages:${PYTHONPATH} /usr/bin/python3 setup.py develop --editable --build-directory /home/wayming/build/my_robot_controller/build --no-deps install_data
