[0.415s] Invoking command in '/home/wayming/build/my_robot_controller': PYTHONPATH=/home/wayming/build/my_robot_controller/prefix_override:/home/wayming/install/my_robot_controller/lib/python3.10/site-packages:${PYTHONPATH} /usr/bin/python3 setup.py develop --editable --build-directory /home/wayming/build/my_robot_controller/build --no-deps install_data
[0.583s] running develop
[0.583s] /usr/lib/python3/dist-packages/setuptools/command/easy_install.py:158: EasyInstallDeprecationWarning: easy_install command is deprecated. Use build and pip and other standards-based tools.
[0.583s]   warnings.warn(
[0.584s] /usr/lib/python3/dist-packages/setuptools/command/install.py:34: SetuptoolsDeprecationWarning: setup.py install is deprecated. Use build and pip and other standards-based tools.
[0.584s]   warnings.warn(
[0.619s] /usr/lib/python3/dist-packages/pkg_resources/__init__.py:116: PkgResourcesDeprecationWarning: 1.16.0-unknown is an invalid version and will not be supported in a future release
[0.619s]   warnings.warn(
[0.619s] /usr/lib/python3/dist-packages/pkg_resources/__init__.py:116: PkgResourcesDeprecationWarning: 1.1build1 is an invalid version and will not be supported in a future release
[0.619s]   warnings.warn(
[0.688s] running egg_info
[0.688s] writing my_robot_controller.egg-info/PKG-INFO
[0.688s] writing dependency_links to my_robot_controller.egg-info/dependency_links.txt
[0.689s] writing entry points to my_robot_controller.egg-info/entry_points.txt
[0.689s] writing requirements to my_robot_controller.egg-info/requires.txt
[0.689s] writing top-level names to my_robot_controller.egg-info/top_level.txt
[0.690s] reading manifest file 'my_robot_controller.egg-info/SOURCES.txt'
[0.690s] writing manifest file 'my_robot_controller.egg-info/SOURCES.txt'
[0.691s] running build_ext
[0.691s] Creating /home/wayming/install/my_robot_controller/lib/python3.10/site-packages/my-robot-controller.egg-link (link to .)
[0.692s] Installing draw_circle script to /home/wayming/install/my_robot_controller/lib/my_robot_controller
[0.692s] Installing pose_subscriber script to /home/wayming/install/my_robot_controller/lib/my_robot_controller
[0.692s] Installing test_node script to /home/wayming/install/my_robot_controller/lib/my_robot_controller
[0.692s] Installing turtle_controller script to /home/wayming/install/my_robot_controller/lib/my_robot_controller
[0.692s] 
[0.692s] Installed /home/wayming/build/my_robot_controller
[0.693s] running install_data
[0.712s] Invoked command in '/home/wayming/build/my_robot_controller' returned '0': PYTHONPATH=/home/wayming/build/my_robot_controller/prefix_override:/home/wayming/install/my_robot_controller/lib/python3.10/site-packages:${PYTHONPATH} /usr/bin/python3 setup.py develop --editable --build-directory /home/wayming/build/my_robot_controller/build --no-deps install_data
