running develop
/usr/lib/python3/dist-packages/setuptools/command/easy_install.py:158: EasyInstallDeprecationWarning: easy_install command is deprecated. Use build and pip and other standards-based tools.
  warnings.warn(
/usr/lib/python3/dist-packages/setuptools/command/install.py:34: SetuptoolsDeprecationWarning: setup.py install is deprecated. Use build and pip and other standards-based tools.
  warnings.warn(
/usr/lib/python3/dist-packages/pkg_resources/__init__.py:116: PkgResourcesDeprecationWarning: 1.16.0-unknown is an invalid version and will not be supported in a future release
  warnings.warn(
/usr/lib/python3/dist-packages/pkg_resources/__init__.py:116: PkgResourcesDeprecationWarning: 1.1build1 is an invalid version and will not be supported in a future release
  warnings.warn(
Removing /home/wayming/install/my_robot_controller/lib/python3.10/site-packages/my-robot-controller.egg-link (link to .)
running egg_info
writing ../../build/my_robot_controller/my_robot_controller.egg-info/PKG-INFO
writing dependency_links to ../../build/my_robot_controller/my_robot_controller.egg-info/dependency_links.txt
writing entry points to ../../build/my_robot_controller/my_robot_controller.egg-info/entry_points.txt
writing requirements to ../../build/my_robot_controller/my_robot_controller.egg-info/requires.txt
writing top-level names to ../../build/my_robot_controller/my_robot_controller.egg-info/top_level.txt
reading manifest file '../../build/my_robot_controller/my_robot_controller.egg-info/SOURCES.txt'
writing manifest file '../../build/my_robot_controller/my_robot_controller.egg-info/SOURCES.txt'
running build
running build_py
copying my_robot_controller/my_first_node.py -> /home/wayming/build/my_robot_controller/build/lib/my_robot_controller
running install
/usr/lib/python3/dist-packages/setuptools/command/install.py:34: SetuptoolsDeprecationWarning: setup.py install is deprecated. Use build and pip and other standards-based tools.
  warnings.warn(
running install_lib
creating /home/wayming/install/my_robot_controller/lib/python3.10/site-packages/my_robot_controller
copying /home/wayming/build/my_robot_controller/build/lib/my_robot_controller/draw_circle.py -> /home/wayming/install/my_robot_controller/lib/python3.10/site-packages/my_robot_controller
copying /home/wayming/build/my_robot_controller/build/lib/my_robot_controller/__init__.py -> /home/wayming/install/my_robot_controller/lib/python3.10/site-packages/my_robot_controller
copying /home/wayming/build/my_robot_controller/build/lib/my_robot_controller/pose_subscriber.py -> /home/wayming/install/my_robot_controller/lib/python3.10/site-packages/my_robot_controller
copying /home/wayming/build/my_robot_controller/build/lib/my_robot_controller/my_first_node.py -> /home/wayming/install/my_robot_controller/lib/python3.10/site-packages/my_robot_controller
copying /home/wayming/build/my_robot_controller/build/lib/my_robot_controller/turtle_controller.py -> /home/wayming/install/my_robot_controller/lib/python3.10/site-packages/my_robot_controller
byte-compiling /home/wayming/install/my_robot_controller/lib/python3.10/site-packages/my_robot_controller/draw_circle.py to draw_circle.cpython-310.pyc
byte-compiling /home/wayming/install/my_robot_controller/lib/python3.10/site-packages/my_robot_controller/__init__.py to __init__.cpython-310.pyc
byte-compiling /home/wayming/install/my_robot_controller/lib/python3.10/site-packages/my_robot_controller/pose_subscriber.py to pose_subscriber.cpython-310.pyc
byte-compiling /home/wayming/install/my_robot_controller/lib/python3.10/site-packages/my_robot_controller/my_first_node.py to my_first_node.cpython-310.pyc
byte-compiling /home/wayming/install/my_robot_controller/lib/python3.10/site-packages/my_robot_controller/turtle_controller.py to turtle_controller.cpython-310.pyc
running install_data
running install_egg_info
Copying ../../build/my_robot_controller/my_robot_controller.egg-info to /home/wayming/install/my_robot_controller/lib/python3.10/site-packages/my_robot_controller-0.0.0-py3.10.egg-info
running install_scripts
Installing draw_circle script to /home/wayming/install/my_robot_controller/lib/my_robot_controller
Installing pose_subscriber script to /home/wayming/install/my_robot_controller/lib/my_robot_controller
Installing test_node script to /home/wayming/install/my_robot_controller/lib/my_robot_controller
Installing turtle_controller script to /home/wayming/install/my_robot_controller/lib/my_robot_controller
writing list of installed files to '/home/wayming/build/my_robot_controller/install.log'
